Using pre-set license
Built from '2021.1/china_unity/release' branch; Version is '2021.1.5f1c1 (6e5a93ddf9be) revision 7232147'; Using compiler version '192528614'; Build Type 'Release'
OS: 'Windows 10 Pro; OS build 19042.1165; Version 2009; 64bit' Language: 'zh' Physical Memory: 7967 MB
BatchMode: 1, IsHumanControllingUs: 0, StartBugReporterOnCrash: 0, Is64bit: 1, IsPro: 0

 COMMAND LINE ARGUMENTS:
D:\unity\2021.1.5f1c1\Editor\Unity.exe
-adb2
-batchMode
-noUpm
-name
AssetImportWorker0
-projectPath
D:/20200728/fuck_shader
-logFile
Logs/AssetImportWorker0.log
-srvPort
63033
Successfully changed project path to: D:/20200728/fuck_shader
D:/20200728/fuck_shader
Using Asset Import Pipeline V2.
Refreshing native plugins compatible for Editor in 52.40 ms, found 0 plugins.
Preloading 0 native plugins for Editor in 0.00 ms.
Initialize engine version: 2021.1.5f1c1 (6e5a93ddf9be)
[Subsystems] Discovering subsystems at path D:/unity/2021.1.5f1c1/Editor/Data/Resources/UnitySubsystems
[Subsystems] Discovering subsystems at path D:/20200728/fuck_shader/Assets
GfxDevice: creating device client; threaded=0; jobified=0
Direct3D:
    Version:  Direct3D 11.0 [level 11.1]
    Renderer: Intel(R) UHD Graphics 630 (ID=0x3e9b)
    Vendor:   Intel
    VRAM:     3983 MB
    Driver:   27.20.100.8935
Shader 'Universal Render Pipeline/Particles/Lit': fallback shader 'Universal Render Pipeline/Particles/SimpleLit' not found
Initialize mono
Mono path[0] = 'D:/unity/2021.1.5f1c1/Editor/Data/Managed'
Mono path[1] = 'D:/unity/2021.1.5f1c1/Editor/Data/MonoBleedingEdge/lib/mono/unityjit'
Mono config path = 'D:/unity/2021.1.5f1c1/Editor/Data/MonoBleedingEdge/etc'
Using monoOptions --debugger-agent=transport=dt_socket,embedding=1,server=y,suspend=n,address=127.0.0.1:56740
Begin MonoManager ReloadAssembly
Registering precompiled unity dll's ...
Register platform support module: D:/unity/2021.1.5f1c1/Editor/Data/PlaybackEngines/WindowsStandaloneSupport/UnityEditor.WindowsStandalone.Extensions.dll
Registered in 0.003042 seconds.
Native extension for WindowsStandalone target not found
Refreshing native plugins compatible for Editor in 55.07 ms, found 0 plugins.
Preloading 0 native plugins for Editor in 0.00 ms.
Mono: successfully reloaded assembly
- Completed reload, in  1.042 seconds
Platform modules already initialized, skipping
Registering precompiled user dll's ...
Registered in 0.001257 seconds.
Begin MonoManager ReloadAssembly
Native extension for WindowsStandalone target not found
Refreshing native plugins compatible for Editor in 52.93 ms, found 0 plugins.
Preloading 0 native plugins for Editor in 0.00 ms.
Mono: successfully reloaded assembly
- Completed reload, in  1.219 seconds
Platform modules already initialized, skipping
========================================================================
Worker process is ready to serve import requests
Shader 'Universal Render Pipeline/Particles/Lit': fallback shader 'Universal Render Pipeline/Particles/SimpleLit' not found
Launched and connected shader compiler UnityShaderCompiler.exe after 0.06 seconds
Refreshing native plugins compatible for Editor in 0.46 ms, found 0 plugins.
Preloading 0 native plugins for Editor in 0.00 ms.
Unloading 2446 Unused Serialized files (Serialized files now loaded: 0)
System memory in use before: 212.7 MB.
System memory in use after: 212.8 MB.

Unloading 9 unused Assets to reduce memory usage. Loaded Objects now: 2937.
Total: 3.340300 ms (FindLiveObjects: 0.497200 ms CreateObjectMapping: 0.165900 ms MarkObjects: 2.584300 ms  DeleteObjects: 0.091100 ms)

========================================================================
Received Import Request.
  path: Assets/Robot Kyle/Materials
  artifactKey: Guid(6861731c4bb2e1646bf02c1420ca60cf) Importer(815301076,1909f56bfc062723c751e8b465ee728b)
Start importing Assets/Robot Kyle/Materials using Guid(6861731c4bb2e1646bf02c1420ca60cf) Importer(815301076,1909f56bfc062723c751e8b465ee728b)  -> (artifact id: 'ccea5119e2f4cd8c70be7b682e1e6097') in 0.006371 seconds 
========================================================================
Received Import Request.
  Time since last request: 0.000332 seconds.
  path: Assets/Robot Kyle/Textures/Robot_Color.tga
  artifactKey: Guid(0a0e8af2869fa45f78e25460db578482) Importer(815301076,1909f56bfc062723c751e8b465ee728b)
Start importing Assets/Robot Kyle/Textures/Robot_Color.tga using Guid(0a0e8af2869fa45f78e25460db578482) Importer(815301076,1909f56bfc062723c751e8b465ee728b)  -> (artifact id: '5e360bd4c443a02fc7201602808e771d') in 0.097631 seconds 
========================================================================
Received Import Request.
  Time since last request: 0.000369 seconds.
  path: Assets/Robot Kyle/Textures/Robot_Normal.tga
  artifactKey: Guid(94c473c9137744d7eabd829f1150da8d) Importer(815301076,1909f56bfc062723c751e8b465ee728b)
Start importing Assets/Robot Kyle/Textures/Robot_Normal.tga using Guid(94c473c9137744d7eabd829f1150da8d) Importer(815301076,1909f56bfc062723c751e8b465ee728b)  -> (artifact id: 'c763f4f7eb020b9d02f2bc3b13311774') in 0.037935 seconds 
========================================================================
Received Import Request.
  Time since last request: 0.000325 seconds.
  path: Assets/Robot Kyle/Model
  artifactKey: Guid(9730ccd9b925e074f8826b3503de58dd) Importer(815301076,1909f56bfc062723c751e8b465ee728b)
Start importing Assets/Robot Kyle/Model using Guid(9730ccd9b925e074f8826b3503de58dd) Importer(815301076,1909f56bfc062723c751e8b465ee728b)  -> (artifact id: '5811bcde0b624456fec54169e5f1f0c5') in 0.002456 seconds 
========================================================================
Received Prepare
Registering precompiled user dll's ...
Registered in 0.000803 seconds.
Begin MonoManager ReloadAssembly
Native extension for WindowsStandalone target not found
Refreshing native plugins compatible for Editor in 0.37 ms, found 0 plugins.
Preloading 0 native plugins for Editor in 0.00 ms.
Mono: successfully reloaded assembly
- Completed reload, in  0.865 seconds
Platform modules already initialized, skipping
Shader 'Universal Render Pipeline/Particles/Lit': fallback shader 'Universal Render Pipeline/Particles/SimpleLit' not found
Refreshing native plugins compatible for Editor in 0.36 ms, found 0 plugins.
Preloading 0 native plugins for Editor in 0.00 ms.
Unloading 2338 Unused Serialized files (Serialized files now loaded: 0)
System memory in use before: 212.0 MB.
System memory in use after: 212.2 MB.

Unloading 4 unused Assets to reduce memory usage. Loaded Objects now: 2975.
Total: 2.075100 ms (FindLiveObjects: 0.229200 ms CreateObjectMapping: 0.111200 ms MarkObjects: 1.719600 ms  DeleteObjects: 0.014100 ms)

========================================================================
Received Import Request.
  Time since last request: 767.792681 seconds.
  path: Assets/test_WTF.shader
  artifactKey: Guid(991e8bb2f80b0d248824b7eea0117f0a) Importer(815301076,1909f56bfc062723c751e8b465ee728b)
Start importing Assets/test_WTF.shader using Guid(991e8bb2f80b0d248824b7eea0117f0a) Importer(815301076,1909f56bfc062723c751e8b465ee728b)  -> (artifact id: '39bffe8f1c757003e36d32a0af074e5c') in 0.018381 seconds 
========================================================================
Received Import Request.
  Time since last request: 460.495142 seconds.
  path: Assets/URP_testbed/shaders
  artifactKey: Guid(fefcc1f6f1a702049a4881fa64f229be) Importer(815301076,1909f56bfc062723c751e8b465ee728b)
Start importing Assets/URP_testbed/shaders using Guid(fefcc1f6f1a702049a4881fa64f229be) Importer(815301076,1909f56bfc062723c751e8b465ee728b)  -> (artifact id: 'b558048eb5c9e797d252ce96702b8429') in 0.002915 seconds 
========================================================================
Received Import Request.
  Time since last request: 70.792765 seconds.
  path: Assets/URP_testbed/shaders/unlit.shader
  artifactKey: Guid(ea145788838dc5f4e880d782e141a7e5) Importer(815301076,1909f56bfc062723c751e8b465ee728b)
Start importing Assets/URP_testbed/shaders/unlit.shader using Guid(ea145788838dc5f4e880d782e141a7e5) Importer(815301076,1909f56bfc062723c751e8b465ee728b)  -> (artifact id: '589a070fadda10ad87afaafa35b2c097') in 0.005562 seconds 
========================================================================
Received Import Request.
  Time since last request: 64.577343 seconds.
  path: Assets/URP_testbed/testbed_scens.unity
  artifactKey: Guid(8c1004a595d7dc44ea151b156f0d6927) Importer(815301076,1909f56bfc062723c751e8b465ee728b)
Start importing Assets/URP_testbed/testbed_scens.unity using Guid(8c1004a595d7dc44ea151b156f0d6927) Importer(815301076,1909f56bfc062723c751e8b465ee728b)  -> (artifact id: '94ee467e2192ed0bebfee3a04099523b') in 0.002983 seconds 
========================================================================
Received Import Request.
  Time since last request: 6.998680 seconds.
  path: Assets/URP_testbed/Textures
  artifactKey: Guid(9dd4c01f9ed6a224dba575b7e852091c) Importer(815301076,1909f56bfc062723c751e8b465ee728b)
Start importing Assets/URP_testbed/Textures using Guid(9dd4c01f9ed6a224dba575b7e852091c) Importer(815301076,1909f56bfc062723c751e8b465ee728b)  -> (artifact id: '9cda48dd6b4cd64e0b7a3fe4a8cc4654') in 0.002908 seconds 
========================================================================
Received Import Request.
  Time since last request: 153.168444 seconds.
  path: Assets/URP_testbed/shaders/unlit.shader
  artifactKey: Guid(ea145788838dc5f4e880d782e141a7e5) Importer(815301076,1909f56bfc062723c751e8b465ee728b)
Start importing Assets/URP_testbed/shaders/unlit.shader using Guid(ea145788838dc5f4e880d782e141a7e5) Importer(815301076,1909f56bfc062723c751e8b465ee728b)  -> (artifact id: '3568fb2771fa6da37f558cfaa63f1736') in 0.004227 seconds 
========================================================================
Received Import Request.
  Time since last request: 132.441342 seconds.
  path: Assets/URP_testbed/Model/Robot Kyle.fbx
  artifactKey: Guid(320b1c2af77554f99a1658df4a6d3d5c) Importer(815301076,1909f56bfc062723c751e8b465ee728b)
Start importing Assets/URP_testbed/Model/Robot Kyle.fbx using Guid(320b1c2af77554f99a1658df4a6d3d5c) Importer(815301076,1909f56bfc062723c751e8b465ee728b)  -> (artifact id: '183ecb50afead93d99392624ab375ab7') in 0.739518 seconds 
AssetImportWorkerClient::OnTransportError - code=2 error=End of file
